Programm started at: 2025-07-21 01:31:17

Running in version 1.2[2025-07-21 23:31:54]
Git repositories synchronized
	

	NoneType: None


[2025-07-21 23:31:54]
Terminating programm
	

	NoneType: None


New initialisation demanded at: 2025-07-22 01:32:02

Running in version 1.2

[2025-07-22 18:36:27]
Error 1 at reading or storing sensor data.
	I2C read failed

	Traceback (most recent call last):
  File "/home/raspi/CO2_Project/main.py", line 211, in <module>
    g_co2_sensor.read_all()
  File "/home/raspi/CO2_Project/ccs811LIBRARY.py", line 192, in read_all
    self.read_logorithm_results()
  File "/home/raspi/CO2_Project/ccs811LIBRARY.py", line 188, in read_logorithm_results
    raise Exception (pigpio.error_text(b))
Exception: I2C read failed


[2025-07-22 23:31:40]
Git repositories synchronized
	

	NoneType: None


[2025-07-22 23:31:40]
Terminating programm
	

	NoneType: None


New initialisation demanded at: 2025-07-23 01:31:52

Running in version 1.2

