Programm started at: 2025-11-24 01:03:45

Running in version 1.2[2025-11-24 16:52:17]
Error 1 at reading or storing sensor data.
	'I2C read failed'

	Traceback (most recent call last):
  File "/home/raspi/CO2_Project/main.py", line 211, in <module>
    g_co2_sensor.read_all()
  File "/home/raspi/CO2_Project/ccs811LIBRARY.py", line 191, in read_all
    if self.data_available():
       ^^^^^^^^^^^^^^^^^^^^^
  File "/home/raspi/CO2_Project/ccs811LIBRARY.py", line 172, in data_available
    value = self.pi.i2c_read_byte_data(self.device, CSS811_STATUS)
            ^^^^^^^^^^^^^^^^^^^^^^^^^^^^^^^^^^^^^^^^^^^^^^^^^^^^^^
  File "/usr/lib/python3/dist-packages/pigpio.py", line 2874, in i2c_read_byte_data
    return _u2i(_pigpio_command(self.sl, _PI_CMD_I2CRB, handle, reg))
           ^^^^^^^^^^^^^^^^^^^^^^^^^^^^^^^^^^^^^^^^^^^^^^^^^^^^^^^^^^
  File "/usr/lib/python3/dist-packages/pigpio.py", line 1011, in _u2i
    raise error(error_text(v))
pigpio.error: 'I2C read failed'


[2025-11-24 23:32:33]
Git repositories synchronized
	

	NoneType: None


[2025-11-24 23:32:33]
Terminating programm
	

	NoneType: None


New initialisation demanded at: 2025-11-25 01:03:13

Running in version 1.2

[2025-11-25 04:20:19]
Error 1 at reading or storing sensor data.
	'I2C read failed'

	Traceback (most recent call last):
  File "/home/raspi/CO2_Project/main.py", line 211, in <module>
    g_co2_sensor.read_all()
  File "/home/raspi/CO2_Project/ccs811LIBRARY.py", line 191, in read_all
    if self.data_available():
       ^^^^^^^^^^^^^^^^^^^^^
  File "/home/raspi/CO2_Project/ccs811LIBRARY.py", line 172, in data_available
    value = self.pi.i2c_read_byte_data(self.device, CSS811_STATUS)
            ^^^^^^^^^^^^^^^^^^^^^^^^^^^^^^^^^^^^^^^^^^^^^^^^^^^^^^
  File "/usr/lib/python3/dist-packages/pigpio.py", line 2874, in i2c_read_byte_data
    return _u2i(_pigpio_command(self.sl, _PI_CMD_I2CRB, handle, reg))
           ^^^^^^^^^^^^^^^^^^^^^^^^^^^^^^^^^^^^^^^^^^^^^^^^^^^^^^^^^^
  File "/usr/lib/python3/dist-packages/pigpio.py", line 1011, in _u2i
    raise error(error_text(v))
pigpio.error: 'I2C read failed'


[2025-11-25 23:33:00]
Git repositories synchronized
	

	NoneType: None


[2025-11-25 23:33:00]
Terminating programm
	

	NoneType: None


New initialisation demanded at: 2025-11-26 01:02:36

Running in version 1.2

[2025-11-26 14:04:02]
Error 1 at reading or storing sensor data.
	I2C read failed

	Traceback (most recent call last):
  File "/home/raspi/CO2_Project/main.py", line 211, in <module>
    g_co2_sensor.read_all()
  File "/home/raspi/CO2_Project/ccs811LIBRARY.py", line 192, in read_all
    self.read_logorithm_results()
  File "/home/raspi/CO2_Project/ccs811LIBRARY.py", line 188, in read_logorithm_results
    raise Exception (pigpio.error_text(b))
Exception: I2C read failed


[2025-11-26 14:34:04]
Error 1 at reading or storing sensor data.
	'I2C read failed'

	Traceback (most recent call last):
  File "/home/raspi/CO2_Project/main.py", line 211, in <module>
    g_co2_sensor.read_all()
  File "/home/raspi/CO2_Project/ccs811LIBRARY.py", line 191, in read_all
    if self.data_available():
       ^^^^^^^^^^^^^^^^^^^^^
  File "/home/raspi/CO2_Project/ccs811LIBRARY.py", line 172, in data_available
    value = self.pi.i2c_read_byte_data(self.device, CSS811_STATUS)
            ^^^^^^^^^^^^^^^^^^^^^^^^^^^^^^^^^^^^^^^^^^^^^^^^^^^^^^
  File "/usr/lib/python3/dist-packages/pigpio.py", line 2874, in i2c_read_byte_data
    return _u2i(_pigpio_command(self.sl, _PI_CMD_I2CRB, handle, reg))
           ^^^^^^^^^^^^^^^^^^^^^^^^^^^^^^^^^^^^^^^^^^^^^^^^^^^^^^^^^^
  File "/usr/lib/python3/dist-packages/pigpio.py", line 1011, in _u2i
    raise error(error_text(v))
pigpio.error: 'I2C read failed'


[2025-11-26 16:35:09]
Error 1 at reading or storing sensor data.
	'I2C read failed'

	Traceback (most recent call last):
  File "/home/raspi/CO2_Project/main.py", line 211, in <module>
    g_co2_sensor.read_all()
  File "/home/raspi/CO2_Project/ccs811LIBRARY.py", line 191, in read_all
    if self.data_available():
       ^^^^^^^^^^^^^^^^^^^^^
  File "/home/raspi/CO2_Project/ccs811LIBRARY.py", line 172, in data_available
    value = self.pi.i2c_read_byte_data(self.device, CSS811_STATUS)
            ^^^^^^^^^^^^^^^^^^^^^^^^^^^^^^^^^^^^^^^^^^^^^^^^^^^^^^
  File "/usr/lib/python3/dist-packages/pigpio.py", line 2874, in i2c_read_byte_data
    return _u2i(_pigpio_command(self.sl, _PI_CMD_I2CRB, handle, reg))
           ^^^^^^^^^^^^^^^^^^^^^^^^^^^^^^^^^^^^^^^^^^^^^^^^^^^^^^^^^^
  File "/usr/lib/python3/dist-packages/pigpio.py", line 1011, in _u2i
    raise error(error_text(v))
pigpio.error: 'I2C read failed'


[2025-11-26 23:32:25]
Git repositories synchronized
	

	NoneType: None


[2025-11-26 23:32:25]
Terminating programm
	

	NoneType: None


New initialisation demanded at: 2025-11-27 01:03:45

Running in version 1.2

[2025-11-27 02:23:47]
Error 1 at reading or storing sensor data.
	'I2C read failed'

	Traceback (most recent call last):
  File "/home/raspi/CO2_Project/main.py", line 211, in <module>
    g_co2_sensor.read_all()
  File "/home/raspi/CO2_Project/ccs811LIBRARY.py", line 191, in read_all
    if self.data_available():
       ^^^^^^^^^^^^^^^^^^^^^
  File "/home/raspi/CO2_Project/ccs811LIBRARY.py", line 172, in data_available
    value = self.pi.i2c_read_byte_data(self.device, CSS811_STATUS)
            ^^^^^^^^^^^^^^^^^^^^^^^^^^^^^^^^^^^^^^^^^^^^^^^^^^^^^^
  File "/usr/lib/python3/dist-packages/pigpio.py", line 2874, in i2c_read_byte_data
    return _u2i(_pigpio_command(self.sl, _PI_CMD_I2CRB, handle, reg))
           ^^^^^^^^^^^^^^^^^^^^^^^^^^^^^^^^^^^^^^^^^^^^^^^^^^^^^^^^^^
  File "/usr/lib/python3/dist-packages/pigpio.py", line 1011, in _u2i
    raise error(error_text(v))
pigpio.error: 'I2C read failed'


[2025-11-27 03:34:50]
Error 1 at reading or storing sensor data.
	I2C read failed

	Traceback (most recent call last):
  File "/home/raspi/CO2_Project/main.py", line 211, in <module>
    g_co2_sensor.read_all()
  File "/home/raspi/CO2_Project/ccs811LIBRARY.py", line 192, in read_all
    self.read_logorithm_results()
  File "/home/raspi/CO2_Project/ccs811LIBRARY.py", line 188, in read_logorithm_results
    raise Exception (pigpio.error_text(b))
Exception: I2C read failed


[2025-11-27 14:32:14]
Error 1 at reading or storing sensor data.
	I2C read failed

	Traceback (most recent call last):
  File "/home/raspi/CO2_Project/main.py", line 211, in <module>
    g_co2_sensor.read_all()
  File "/home/raspi/CO2_Project/ccs811LIBRARY.py", line 192, in read_all
    self.read_logorithm_results()
  File "/home/raspi/CO2_Project/ccs811LIBRARY.py", line 188, in read_logorithm_results
    raise Exception (pigpio.error_text(b))
Exception: I2C read failed


