Programm started at: 2026-04-13 01:34:14

Running in version 1.2[2026-04-13 23:31:59]
Git repositories synchronized
	

	NoneType: None


[2026-04-13 23:31:59]
Terminating programm
	

	NoneType: None


New initialisation demanded at: 2026-04-14 01:33:08

Running in version 1.2

[2026-04-14 23:31:53]
Git repositories synchronized
	

	NoneType: None


[2026-04-14 23:31:53]
Terminating programm
	

	NoneType: None


New initialisation demanded at: 2026-04-15 01:33:33

Running in version 1.2

[2026-04-15 23:31:18]
Git repositories synchronized
	

	NoneType: None


[2026-04-15 23:31:18]
Terminating programm
	

	NoneType: None


New initialisation demanded at: 2026-04-16 01:34:03

Running in version 1.2

[2026-04-16 23:31:48]
Git repositories synchronized
	

	NoneType: None


[2026-04-16 23:31:48]
Terminating programm
	

	NoneType: None


New initialisation demanded at: 2026-04-17 01:33:10

Running in version 1.2

