Programm started at: 2026-05-11 01:33:37

Running in version 1.2[2026-05-11 14:28:02]
Error 1 at reading or storing sensor data.
	'I2C read failed'

	Traceback (most recent call last):
  File "/home/raspi/CO2_Project/main.py", line 211, in <module>
    g_co2_sensor.read_all()
  File "/home/raspi/CO2_Project/ccs811LIBRARY.py", line 191, in read_all
    if self.data_available():
       ^^^^^^^^^^^^^^^^^^^^^
  File "/home/raspi/CO2_Project/ccs811LIBRARY.py", line 172, in data_available
    value = self.pi.i2c_read_byte_data(self.device, CSS811_STATUS)
            ^^^^^^^^^^^^^^^^^^^^^^^^^^^^^^^^^^^^^^^^^^^^^^^^^^^^^^
  File "/usr/lib/python3/dist-packages/pigpio.py", line 2874, in i2c_read_byte_data
    return _u2i(_pigpio_command(self.sl, _PI_CMD_I2CRB, handle, reg))
           ^^^^^^^^^^^^^^^^^^^^^^^^^^^^^^^^^^^^^^^^^^^^^^^^^^^^^^^^^^
  File "/usr/lib/python3/dist-packages/pigpio.py", line 1011, in _u2i
    raise error(error_text(v))
pigpio.error: 'I2C read failed'


[2026-05-11 23:31:23]
Git repositories synchronized
	

	NoneType: None


[2026-05-11 23:31:23]
Terminating programm
	

	NoneType: None


New initialisation demanded at: 2026-05-12 01:34:06

Running in version 1.2

[2026-05-12 13:58:30]
Error 1 at reading or storing sensor data.
	'I2C read failed'

	Traceback (most recent call last):
  File "/home/raspi/CO2_Project/main.py", line 211, in <module>
    g_co2_sensor.read_all()
  File "/home/raspi/CO2_Project/ccs811LIBRARY.py", line 191, in read_all
    if self.data_available():
       ^^^^^^^^^^^^^^^^^^^^^
  File "/home/raspi/CO2_Project/ccs811LIBRARY.py", line 172, in data_available
    value = self.pi.i2c_read_byte_data(self.device, CSS811_STATUS)
            ^^^^^^^^^^^^^^^^^^^^^^^^^^^^^^^^^^^^^^^^^^^^^^^^^^^^^^
  File "/usr/lib/python3/dist-packages/pigpio.py", line 2874, in i2c_read_byte_data
    return _u2i(_pigpio_command(self.sl, _PI_CMD_I2CRB, handle, reg))
           ^^^^^^^^^^^^^^^^^^^^^^^^^^^^^^^^^^^^^^^^^^^^^^^^^^^^^^^^^^
  File "/usr/lib/python3/dist-packages/pigpio.py", line 1011, in _u2i
    raise error(error_text(v))
pigpio.error: 'I2C read failed'


[2026-05-12 23:31:52]
Git repositories synchronized
	

	NoneType: None


[2026-05-12 23:31:52]
Terminating programm
	

	NoneType: None


New initialisation demanded at: 2026-05-13 01:33:53

Running in version 1.2

[2026-05-13 23:31:38]
Git repositories synchronized
	

	NoneType: None


[2026-05-13 23:31:38]
Terminating programm
	

	NoneType: None


New initialisation demanded at: 2026-05-14 01:33:12

Running in version 1.2

[2026-05-14 13:10:34]
Error 1 at reading or storing sensor data.
	I2C read failed

	Traceback (most recent call last):
  File "/home/raspi/CO2_Project/main.py", line 211, in <module>
    g_co2_sensor.read_all()
  File "/home/raspi/CO2_Project/ccs811LIBRARY.py", line 192, in read_all
    self.read_logorithm_results()
  File "/home/raspi/CO2_Project/ccs811LIBRARY.py", line 188, in read_logorithm_results
    raise Exception (pigpio.error_text(b))
Exception: I2C read failed


[2026-05-14 23:31:58]
Git repositories synchronized
	

	NoneType: None


[2026-05-14 23:31:58]
Terminating programm
	

	NoneType: None


New initialisation demanded at: 2026-05-15 01:33:52

Running in version 1.2

[2026-05-15 23:31:37]
Git repositories synchronized
	

	NoneType: None


[2026-05-15 23:31:37]
Terminating programm
	

	NoneType: None


New initialisation demanded at: 2026-05-16 01:34:06

Running in version 1.2

[2026-05-16 05:38:15]
Error 1 at reading or storing sensor data.
	I2C read failed

	Traceback (most recent call last):
  File "/home/raspi/CO2_Project/main.py", line 211, in <module>
    g_co2_sensor.read_all()
  File "/home/raspi/CO2_Project/ccs811LIBRARY.py", line 192, in read_all
    self.read_logorithm_results()
  File "/home/raspi/CO2_Project/ccs811LIBRARY.py", line 188, in read_logorithm_results
    raise Exception (pigpio.error_text(b))
Exception: I2C read failed


[2026-05-16 23:31:53]
Git repositories synchronized
	

	NoneType: None


[2026-05-16 23:31:53]
Terminating programm
	

	NoneType: None


New initialisation demanded at: 2026-05-17 01:33:17

Running in version 1.2

[2026-05-17 11:28:36]
Error 1 at reading or storing sensor data.
	I2C read failed

	Traceback (most recent call last):
  File "/home/raspi/CO2_Project/main.py", line 211, in <module>
    g_co2_sensor.read_all()
  File "/home/raspi/CO2_Project/ccs811LIBRARY.py", line 192, in read_all
    self.read_logorithm_results()
  File "/home/raspi/CO2_Project/ccs811LIBRARY.py", line 188, in read_logorithm_results
    raise Exception (pigpio.error_text(b))
Exception: I2C read failed


[2026-05-17 23:31:03]
Git repositories synchronized
	

	NoneType: None


[2026-05-17 23:31:03]
Terminating programm
	

	NoneType: None


