Programm started at: 2025-08-11 01:31:38

Running in version 1.2[2025-08-11 23:31:14]
Git repositories synchronized
	

	NoneType: None


[2025-08-11 23:31:14]
Terminating programm
	

	NoneType: None


New initialisation demanded at: 2025-08-12 01:32:20

Running in version 1.2

[2025-08-12 16:18:41]
Error 1 at reading or storing sensor data.
	'I2C read failed'

	Traceback (most recent call last):
  File "/home/raspi/CO2_Project/main.py", line 211, in <module>
    g_co2_sensor.read_all()
  File "/home/raspi/CO2_Project/ccs811LIBRARY.py", line 191, in read_all
    if self.data_available():
       ^^^^^^^^^^^^^^^^^^^^^
  File "/home/raspi/CO2_Project/ccs811LIBRARY.py", line 172, in data_available
    value = self.pi.i2c_read_byte_data(self.device, CSS811_STATUS)
            ^^^^^^^^^^^^^^^^^^^^^^^^^^^^^^^^^^^^^^^^^^^^^^^^^^^^^^
  File "/usr/lib/python3/dist-packages/pigpio.py", line 2874, in i2c_read_byte_data
    return _u2i(_pigpio_command(self.sl, _PI_CMD_I2CRB, handle, reg))
           ^^^^^^^^^^^^^^^^^^^^^^^^^^^^^^^^^^^^^^^^^^^^^^^^^^^^^^^^^^
  File "/usr/lib/python3/dist-packages/pigpio.py", line 1011, in _u2i
    raise error(error_text(v))
pigpio.error: 'I2C read failed'


[2025-08-12 23:31:56]
Git repositories synchronized
	

	NoneType: None


[2025-08-12 23:31:56]
Terminating programm
	

	NoneType: None


New initialisation demanded at: 2025-08-13 01:32:07

Running in version 1.2

[2025-08-13 23:31:42]
Git repositories synchronized
	

	NoneType: None


[2025-08-13 23:31:42]
Terminating programm
	

	NoneType: None


New initialisation demanded at: 2025-08-14 01:31:46

Running in version 1.2

[2025-08-14 23:31:21]
Git repositories synchronized
	

	NoneType: None


[2025-08-14 23:31:21]
Terminating programm
	

	NoneType: None


New initialisation demanded at: 2025-08-15 01:32:31

Running in version 1.2

[2025-08-15 23:31:06]
Git repositories synchronized
	

	NoneType: None


[2025-08-15 23:31:06]
Terminating programm
	

	NoneType: None


New initialisation demanded at: 2025-08-16 01:32:20

Running in version 1.2

