Programm started at: 2025-10-06 02:02:40

Running in version 1.2[2025-10-06 23:32:14]
Git repositories synchronized
	

	NoneType: None


[2025-10-06 23:32:14]
Terminating programm
	

	NoneType: None


New initialisation demanded at: 2025-10-07 02:03:51

Running in version 1.2

[2025-10-07 22:09:18]
Error 1 at reading or storing sensor data.
	I2C read failed

	Traceback (most recent call last):
  File "/home/raspi/CO2_Project/main.py", line 211, in <module>
    g_co2_sensor.read_all()
  File "/home/raspi/CO2_Project/ccs811LIBRARY.py", line 192, in read_all
    self.read_logorithm_results()
  File "/home/raspi/CO2_Project/ccs811LIBRARY.py", line 188, in read_logorithm_results
    raise Exception (pigpio.error_text(b))
Exception: I2C read failed


[2025-10-07 23:32:26]
Git repositories synchronized
	

	NoneType: None


[2025-10-07 23:32:26]
Terminating programm
	

	NoneType: None


New initialisation demanded at: 2025-10-08 02:03:24

Running in version 1.2

[2025-10-08 23:32:58]
Git repositories synchronized
	

	NoneType: None


[2025-10-08 23:32:58]
Terminating programm
	

	NoneType: None


New initialisation demanded at: 2025-10-09 02:02:31

Running in version 1.2

[2025-10-09 23:32:05]
Git repositories synchronized
	

	NoneType: None


[2025-10-09 23:32:05]
Terminating programm
	

	NoneType: None


New initialisation demanded at: 2025-10-10 02:03:14

Running in version 1.2

[2025-10-10 12:16:28]
Error 1 at reading or storing sensor data.
	I2C read failed

	Traceback (most recent call last):
  File "/home/raspi/CO2_Project/main.py", line 211, in <module>
    g_co2_sensor.read_all()
  File "/home/raspi/CO2_Project/ccs811LIBRARY.py", line 192, in read_all
    self.read_logorithm_results()
  File "/home/raspi/CO2_Project/ccs811LIBRARY.py", line 188, in read_logorithm_results
    raise Exception (pigpio.error_text(b))
Exception: I2C read failed


