Programm started at: 2026-01-12 01:03:14

Running in version 1.2[2026-01-12 23:33:00]
Git repositories synchronized
	

	NoneType: None


[2026-01-12 23:33:00]
Terminating programm
	

	NoneType: None


New initialisation demanded at: 2026-01-13 01:02:43

Running in version 1.2

[2026-01-13 06:38:54]
Error 1 at reading or storing sensor data.
	I2C read failed

	Traceback (most recent call last):
  File "/home/raspi/CO2_Project/main.py", line 211, in <module>
    g_co2_sensor.read_all()
  File "/home/raspi/CO2_Project/ccs811LIBRARY.py", line 192, in read_all
    self.read_logorithm_results()
  File "/home/raspi/CO2_Project/ccs811LIBRARY.py", line 188, in read_logorithm_results
    raise Exception (pigpio.error_text(b))
Exception: I2C read failed


[2026-01-13 23:32:31]
Git repositories synchronized
	

	NoneType: None


[2026-01-13 23:32:31]
Terminating programm
	

	NoneType: None


New initialisation demanded at: 2026-01-14 01:03:46

Running in version 1.2

[2026-01-14 23:32:33]
Git repositories synchronized
	

	NoneType: None


[2026-01-14 23:32:33]
Terminating programm
	

	NoneType: None


New initialisation demanded at: 2026-01-15 01:03:16

Running in version 1.2

[2026-01-15 03:56:22]
Error 1 at reading or storing sensor data.
	I2C read failed

	Traceback (most recent call last):
  File "/home/raspi/CO2_Project/main.py", line 211, in <module>
    g_co2_sensor.read_all()
  File "/home/raspi/CO2_Project/ccs811LIBRARY.py", line 192, in read_all
    self.read_logorithm_results()
  File "/home/raspi/CO2_Project/ccs811LIBRARY.py", line 188, in read_logorithm_results
    raise Exception (pigpio.error_text(b))
Exception: I2C read failed


