Programm started at: 2025-08-11 02:03:08

Running in version 1.2[2025-08-11 11:55:22]
Error 1 at reading or storing sensor data.
	I2C read failed

	Traceback (most recent call last):
  File "/home/raspi/CO2_Project/main.py", line 211, in <module>
    g_co2_sensor.read_all()
  File "/home/raspi/CO2_Project/ccs811LIBRARY.py", line 192, in read_all
    self.read_logorithm_results()
  File "/home/raspi/CO2_Project/ccs811LIBRARY.py", line 188, in read_logorithm_results
    raise Exception (pigpio.error_text(b))
Exception: I2C read failed


[2025-08-11 14:14:26]
Error 1 at reading or storing sensor data.
	I2C read failed

	Traceback (most recent call last):
  File "/home/raspi/CO2_Project/main.py", line 211, in <module>
    g_co2_sensor.read_all()
  File "/home/raspi/CO2_Project/ccs811LIBRARY.py", line 192, in read_all
    self.read_logorithm_results()
  File "/home/raspi/CO2_Project/ccs811LIBRARY.py", line 188, in read_logorithm_results
    raise Exception (pigpio.error_text(b))
Exception: I2C read failed


[2025-08-11 23:32:44]
Git repositories synchronized
	

	NoneType: None


[2025-08-11 23:32:44]
Terminating programm
	

	NoneType: None


New initialisation demanded at: 2025-08-12 02:02:47

Running in version 1.2

[2025-08-12 16:07:07]
Error 1 at reading or storing sensor data.
	I2C read failed

	Traceback (most recent call last):
  File "/home/raspi/CO2_Project/main.py", line 211, in <module>
    g_co2_sensor.read_all()
  File "/home/raspi/CO2_Project/ccs811LIBRARY.py", line 192, in read_all
    self.read_logorithm_results()
  File "/home/raspi/CO2_Project/ccs811LIBRARY.py", line 188, in read_logorithm_results
    raise Exception (pigpio.error_text(b))
Exception: I2C read failed


[2025-08-12 23:32:23]
Git repositories synchronized
	

	NoneType: None


[2025-08-12 23:32:23]
Terminating programm
	

	NoneType: None


New initialisation demanded at: 2025-08-13 02:02:16

Running in version 1.2

[2025-08-13 23:32:50]
Git repositories synchronized
	

	NoneType: None


[2025-08-13 23:32:50]
Terminating programm
	

	NoneType: None


New initialisation demanded at: 2025-08-14 02:03:10

Running in version 1.2

[2025-08-14 23:32:44]
Git repositories synchronized
	

	NoneType: None


[2025-08-14 23:32:44]
Terminating programm
	

	NoneType: None


New initialisation demanded at: 2025-08-15 02:02:56

Running in version 1.2

[2025-08-15 23:32:30]
Git repositories synchronized
	

	NoneType: None


[2025-08-15 23:32:30]
Terminating programm
	

	NoneType: None


New initialisation demanded at: 2025-08-16 02:02:20

Running in version 1.2

