Programm started at: 2025-05-19 00:00:11

Running in version 1.0[2025-05-19 12:51:37]
Error 1 at reading or storing sensor data.
	I2C read failed

	Traceback (most recent call last):
  File "/home/raspi/CO2_Project/main.py", line 204, in <module>
    g_co2_sensor.read_all()
  File "/home/raspi/CO2_Project/ccs811LIBRARY.py", line 192, in read_all
    self.read_logorithm_results()
  File "/home/raspi/CO2_Project/ccs811LIBRARY.py", line 188, in read_logorithm_results
    raise Exception (pigpio.error_text(b))
Exception: I2C read failed


New initialisation demanded at: 2025-05-19 19:24:23

Running in version 1.1

New initialisation demanded at: 2025-05-19 20:22:51

Running in version 1.1

New initialisation demanded at: 2025-05-19 21:51:13

Running in version 1.1

New initialisation demanded at: 2025-05-19 21:58:47

Running in version 1.1

