Programm started at: 2026-06-08 02:03:48

Running in version 1.2[2026-06-08 23:32:30]
Git repositories synchronized
	

	NoneType: None


[2026-06-08 23:32:30]
Terminating programm
	

	NoneType: None


New initialisation demanded at: 2026-06-09 02:03:16

Running in version 1.2

[2026-06-09 09:21:26]
Error 1 at reading or storing sensor data.
	I2C read failed

	Traceback (most recent call last):
  File "/home/raspi/CO2_Project/main.py", line 211, in <module>
    g_co2_sensor.read_all()
  File "/home/raspi/CO2_Project/ccs811LIBRARY.py", line 192, in read_all
    self.read_logorithm_results()
  File "/home/raspi/CO2_Project/ccs811LIBRARY.py", line 188, in read_logorithm_results
    raise Exception (pigpio.error_text(b))
Exception: I2C read failed


[2026-06-09 23:32:58]
Git repositories synchronized
	

	NoneType: None


[2026-06-09 23:32:58]
Terminating programm
	

	NoneType: None


New initialisation demanded at: 2026-06-10 02:04:20

Running in version 1.2

[2026-06-10 23:32:55]
Git repositories synchronized
	

	NoneType: None


[2026-06-10 23:32:55]
Terminating programm
	

	NoneType: None


New initialisation demanded at: 2026-06-11 02:04:12

Running in version 1.2

[2026-06-11 23:32:52]
Git repositories synchronized
	

	NoneType: None


[2026-06-11 23:32:52]
Terminating programm
	

	NoneType: None


New initialisation demanded at: 2026-06-12 02:03:30

Running in version 1.2

[2026-06-12 09:39:40]
Error 1 at reading or storing sensor data.
	I2C read failed

	Traceback (most recent call last):
  File "/home/raspi/CO2_Project/main.py", line 211, in <module>
    g_co2_sensor.read_all()
  File "/home/raspi/CO2_Project/ccs811LIBRARY.py", line 192, in read_all
    self.read_logorithm_results()
  File "/home/raspi/CO2_Project/ccs811LIBRARY.py", line 188, in read_logorithm_results
    raise Exception (pigpio.error_text(b))
Exception: I2C read failed


[2026-06-12 23:32:10]
Git repositories synchronized
	

	NoneType: None


[2026-06-12 23:32:10]
Terminating programm
	

	NoneType: None


New initialisation demanded at: 2026-06-13 02:04:13

Running in version 1.2

[2026-06-13 14:22:31]
Error 1 at reading or storing sensor data.
	I2C read failed

	Traceback (most recent call last):
  File "/home/raspi/CO2_Project/main.py", line 211, in <module>
    g_co2_sensor.read_all()
  File "/home/raspi/CO2_Project/ccs811LIBRARY.py", line 192, in read_all
    self.read_logorithm_results()
  File "/home/raspi/CO2_Project/ccs811LIBRARY.py", line 188, in read_logorithm_results
    raise Exception (pigpio.error_text(b))
Exception: I2C read failed


[2026-06-13 23:32:55]
Git repositories synchronized
	

	NoneType: None


[2026-06-13 23:32:55]
Terminating programm
	

	NoneType: None


New initialisation demanded at: 2026-06-14 02:04:01

Running in version 1.2

