Programm started at: 2026-03-02 01:02:01

Running in version 1.2[2026-03-02 23:32:47]
Git repositories synchronized
	

	NoneType: None


[2026-03-02 23:32:47]
Terminating programm
	

	NoneType: None


New initialisation demanded at: 2026-03-03 01:03:01

Running in version 1.2

[2026-03-03 23:32:48]
Git repositories synchronized
	

	NoneType: None


[2026-03-03 23:32:48]
Terminating programm
	

	NoneType: None


New initialisation demanded at: 2026-03-04 01:02:46

Running in version 1.2

[2026-03-04 23:32:32]
Git repositories synchronized
	

	NoneType: None


[2026-03-04 23:32:32]
Terminating programm
	

	NoneType: None


New initialisation demanded at: 2026-03-05 01:02:02

Running in version 1.2

[2026-03-05 08:39:17]
Error 1 at reading or storing sensor data.
	I2C read failed

	Traceback (most recent call last):
  File "/home/raspi/CO2_Project/main.py", line 211, in <module>
    g_co2_sensor.read_all()
  File "/home/raspi/CO2_Project/ccs811LIBRARY.py", line 192, in read_all
    self.read_logorithm_results()
  File "/home/raspi/CO2_Project/ccs811LIBRARY.py", line 188, in read_logorithm_results
    raise Exception (pigpio.error_text(b))
Exception: I2C read failed


[2026-03-05 23:32:49]
Git repositories synchronized
	

	NoneType: None


[2026-03-05 23:32:49]
Terminating programm
	

	NoneType: None


New initialisation demanded at: 2026-03-06 01:03:10

Running in version 1.2

[2026-03-06 23:27:55]
Error 1 at reading or storing sensor data.
	I2C read failed

	Traceback (most recent call last):
  File "/home/raspi/CO2_Project/main.py", line 211, in <module>
    g_co2_sensor.read_all()
  File "/home/raspi/CO2_Project/ccs811LIBRARY.py", line 192, in read_all
    self.read_logorithm_results()
  File "/home/raspi/CO2_Project/ccs811LIBRARY.py", line 188, in read_logorithm_results
    raise Exception (pigpio.error_text(b))
Exception: I2C read failed


[2026-03-06 23:32:58]
Git repositories synchronized
	

	NoneType: None


[2026-03-06 23:32:58]
Terminating programm
	

	NoneType: None


New initialisation demanded at: 2026-03-07 01:03:00

Running in version 1.2

[2026-03-07 23:32:47]
Git repositories synchronized
	

	NoneType: None


[2026-03-07 23:32:47]
Terminating programm
	

	NoneType: None


New initialisation demanded at: 2026-03-08 01:02:23

Running in version 1.2

[2026-03-08 23:32:10]
Git repositories synchronized
	

	NoneType: None


[2026-03-08 23:32:10]
Terminating programm
	

	NoneType: None


