Programm started at: 2026-05-04 01:34:31

Running in version 1.2[2026-05-04 08:59:45]
Error 1 at reading or storing sensor data.
	I2C read failed

	Traceback (most recent call last):
  File "/home/raspi/CO2_Project/main.py", line 211, in <module>
    g_co2_sensor.read_all()
  File "/home/raspi/CO2_Project/ccs811LIBRARY.py", line 192, in read_all
    self.read_logorithm_results()
  File "/home/raspi/CO2_Project/ccs811LIBRARY.py", line 188, in read_logorithm_results
    raise Exception (pigpio.error_text(b))
Exception: I2C read failed


[2026-05-04 23:31:17]
Git repositories synchronized
	

	NoneType: None


[2026-05-04 23:31:17]
Terminating programm
	

	NoneType: None


New initialisation demanded at: 2026-05-05 01:33:43

Running in version 1.2

[2026-05-05 23:31:28]
Git repositories synchronized
	

	NoneType: None


[2026-05-05 23:31:28]
Terminating programm
	

	NoneType: None


New initialisation demanded at: 2026-05-06 01:34:15

Running in version 1.2

[2026-05-06 23:32:01]
Git repositories synchronized
	

	NoneType: None


[2026-05-06 23:32:01]
Terminating programm
	

	NoneType: None


New initialisation demanded at: 2026-05-07 01:34:06

Running in version 1.2

[2026-05-07 23:31:51]
Git repositories synchronized
	

	NoneType: None


[2026-05-07 23:31:51]
Terminating programm
	

	NoneType: None


New initialisation demanded at: 2026-05-08 01:33:20

Running in version 1.2

