Programm started at: 2026-06-15 01:36:21

Running in version 1.2[2026-06-15 23:32:03]
Git repositories synchronized
	

	NoneType: None


[2026-06-15 23:32:03]
Terminating programm
	

	NoneType: None


New initialisation demanded at: 2026-06-16 01:35:33

Running in version 1.2

[2026-06-16 23:31:16]
Git repositories synchronized
	

	NoneType: None


[2026-06-16 23:31:16]
Terminating programm
	

	NoneType: None


New initialisation demanded at: 2026-06-17 01:36:15

Running in version 1.2

[2026-06-17 23:31:57]
Git repositories synchronized
	

	NoneType: None


[2026-06-17 23:31:57]
Terminating programm
	

	NoneType: None


New initialisation demanded at: 2026-06-18 01:36:32

Running in version 1.2

[2026-06-18 23:31:14]
Git repositories synchronized
	

	NoneType: None


[2026-06-18 23:31:14]
Terminating programm
	

	NoneType: None


New initialisation demanded at: 2026-06-19 01:35:43

Running in version 1.2

[2026-06-19 23:31:26]
Git repositories synchronized
	

	NoneType: None


[2026-06-19 23:31:26]
Terminating programm
	

	NoneType: None


New initialisation demanded at: 2026-06-20 01:36:05

Running in version 1.2

[2026-06-20 23:31:51]
Git repositories synchronized
	

	NoneType: None


[2026-06-20 23:31:51]
Terminating programm
	

	NoneType: None


New initialisation demanded at: 2026-06-21 01:36:29

Running in version 1.2

