Programm started at: 2025-08-04 02:01:47

Running in version 1.2[2025-08-04 23:32:21]
Git repositories synchronized
	

	NoneType: None


[2025-08-04 23:32:21]
Terminating programm
	

	NoneType: None


New initialisation demanded at: 2025-08-05 02:02:47

Running in version 1.2

[2025-08-05 23:32:21]
Git repositories synchronized
	

	NoneType: None


[2025-08-05 23:32:21]
Terminating programm
	

	NoneType: None


New initialisation demanded at: 2025-08-06 02:02:31

Running in version 1.2

[2025-08-06 07:33:39]
Error 1 at reading or storing sensor data.
	I2C read failed

	Traceback (most recent call last):
  File "/home/raspi/CO2_Project/main.py", line 211, in <module>
    g_co2_sensor.read_all()
  File "/home/raspi/CO2_Project/ccs811LIBRARY.py", line 192, in read_all
    self.read_logorithm_results()
  File "/home/raspi/CO2_Project/ccs811LIBRARY.py", line 188, in read_logorithm_results
    raise Exception (pigpio.error_text(b))
Exception: I2C read failed


[2025-08-06 17:15:53]
Error 1 at reading or storing sensor data.
	I2C read failed

	Traceback (most recent call last):
  File "/home/raspi/CO2_Project/main.py", line 211, in <module>
    g_co2_sensor.read_all()
  File "/home/raspi/CO2_Project/ccs811LIBRARY.py", line 192, in read_all
    self.read_logorithm_results()
  File "/home/raspi/CO2_Project/ccs811LIBRARY.py", line 188, in read_logorithm_results
    raise Exception (pigpio.error_text(b))
Exception: I2C read failed


[2025-08-06 23:32:07]
Git repositories synchronized
	

	NoneType: None


[2025-08-06 23:32:07]
Terminating programm
	

	NoneType: None


New initialisation demanded at: 2025-08-07 02:01:57

Running in version 1.2

[2025-08-07 23:32:32]
Git repositories synchronized
	

	NoneType: None


[2025-08-07 23:32:32]
Terminating programm
	

	NoneType: None


New initialisation demanded at: 2025-08-08 02:03:00

Running in version 1.2

[2025-08-08 23:32:35]
Git repositories synchronized
	

	NoneType: None


[2025-08-08 23:32:35]
Terminating programm
	

	NoneType: None


New initialisation demanded at: 2025-08-09 02:02:43

Running in version 1.2

[2025-08-09 23:32:17]
Git repositories synchronized
	

	NoneType: None


[2025-08-09 23:32:17]
Terminating programm
	

	NoneType: None


New initialisation demanded at: 2025-08-10 02:02:07

Running in version 1.2

[2025-08-10 14:58:25]
Error 1 at reading or storing sensor data.
	I2C read failed

	Traceback (most recent call last):
  File "/home/raspi/CO2_Project/main.py", line 211, in <module>
    g_co2_sensor.read_all()
  File "/home/raspi/CO2_Project/ccs811LIBRARY.py", line 192, in read_all
    self.read_logorithm_results()
  File "/home/raspi/CO2_Project/ccs811LIBRARY.py", line 188, in read_logorithm_results
    raise Exception (pigpio.error_text(b))
Exception: I2C read failed


[2025-08-10 23:32:43]
Git repositories synchronized
	

	NoneType: None


[2025-08-10 23:32:43]
Terminating programm
	

	NoneType: None


