Programm started at: 2026-05-25 01:36:36

Running in version 1.2[2026-05-25 22:24:06]
Error 1 at reading or storing sensor data.
	I2C read failed

	Traceback (most recent call last):
  File "/home/raspi/CO2_Project/main.py", line 211, in <module>
    g_co2_sensor.read_all()
  File "/home/raspi/CO2_Project/ccs811LIBRARY.py", line 192, in read_all
    self.read_logorithm_results()
  File "/home/raspi/CO2_Project/ccs811LIBRARY.py", line 188, in read_logorithm_results
    raise Exception (pigpio.error_text(b))
Exception: I2C read failed


[2026-05-25 23:31:19]
Git repositories synchronized
	

	NoneType: None


[2026-05-25 23:31:19]
Terminating programm
	

	NoneType: None


New initialisation demanded at: 2026-05-26 01:35:42

Running in version 1.2

[2026-05-26 16:38:04]
Error 1 at reading or storing sensor data.
	I2C read failed

	Traceback (most recent call last):
  File "/home/raspi/CO2_Project/main.py", line 211, in <module>
    g_co2_sensor.read_all()
  File "/home/raspi/CO2_Project/ccs811LIBRARY.py", line 192, in read_all
    self.read_logorithm_results()
  File "/home/raspi/CO2_Project/ccs811LIBRARY.py", line 188, in read_logorithm_results
    raise Exception (pigpio.error_text(b))
Exception: I2C read failed


[2026-05-26 23:31:27]
Git repositories synchronized
	

	NoneType: None


[2026-05-26 23:31:27]
Terminating programm
	

	NoneType: None


New initialisation demanded at: 2026-05-27 01:36:31

Running in version 1.2

[2026-05-27 23:31:13]
Git repositories synchronized
	

	NoneType: None


[2026-05-27 23:31:13]
Terminating programm
	

	NoneType: None


New initialisation demanded at: 2026-05-28 01:36:30

Running in version 1.2

[2026-05-28 15:39:51]
Error 1 at reading or storing sensor data.
	I2C read failed

	Traceback (most recent call last):
  File "/home/raspi/CO2_Project/main.py", line 211, in <module>
    g_co2_sensor.read_all()
  File "/home/raspi/CO2_Project/ccs811LIBRARY.py", line 192, in read_all
    self.read_logorithm_results()
  File "/home/raspi/CO2_Project/ccs811LIBRARY.py", line 188, in read_logorithm_results
    raise Exception (pigpio.error_text(b))
Exception: I2C read failed


[2026-05-28 23:31:15]
Git repositories synchronized
	

	NoneType: None


[2026-05-28 23:31:15]
Terminating programm
	

	NoneType: None


New initialisation demanded at: 2026-05-29 01:35:23

Running in version 1.2

[2026-05-29 23:32:03]
Git repositories synchronized
	

	NoneType: None


[2026-05-29 23:32:03]
Terminating programm
	

	NoneType: None


New initialisation demanded at: 2026-05-30 01:36:10

Running in version 1.2

[2026-05-30 06:48:18]
Error 1 at reading or storing sensor data.
	I2C read failed

	Traceback (most recent call last):
  File "/home/raspi/CO2_Project/main.py", line 211, in <module>
    g_co2_sensor.read_all()
  File "/home/raspi/CO2_Project/ccs811LIBRARY.py", line 192, in read_all
    self.read_logorithm_results()
  File "/home/raspi/CO2_Project/ccs811LIBRARY.py", line 188, in read_logorithm_results
    raise Exception (pigpio.error_text(b))
Exception: I2C read failed


[2026-05-30 23:31:58]
Git repositories synchronized
	

	NoneType: None


[2026-05-30 23:31:58]
Terminating programm
	

	NoneType: None


New initialisation demanded at: 2026-05-31 01:36:24

Running in version 1.2

[2026-05-31 20:07:52]
Error 1 at reading or storing sensor data.
	'I2C read failed'

	Traceback (most recent call last):
  File "/home/raspi/CO2_Project/main.py", line 211, in <module>
    g_co2_sensor.read_all()
  File "/home/raspi/CO2_Project/ccs811LIBRARY.py", line 191, in read_all
    if self.data_available():
       ^^^^^^^^^^^^^^^^^^^^^
  File "/home/raspi/CO2_Project/ccs811LIBRARY.py", line 172, in data_available
    value = self.pi.i2c_read_byte_data(self.device, CSS811_STATUS)
            ^^^^^^^^^^^^^^^^^^^^^^^^^^^^^^^^^^^^^^^^^^^^^^^^^^^^^^
  File "/usr/lib/python3/dist-packages/pigpio.py", line 2874, in i2c_read_byte_data
    return _u2i(_pigpio_command(self.sl, _PI_CMD_I2CRB, handle, reg))
           ^^^^^^^^^^^^^^^^^^^^^^^^^^^^^^^^^^^^^^^^^^^^^^^^^^^^^^^^^^
  File "/usr/lib/python3/dist-packages/pigpio.py", line 1011, in _u2i
    raise error(error_text(v))
pigpio.error: 'I2C read failed'


