Programm started at: 2026-05-25 02:03:20

Running in version 1.2[2026-05-25 08:42:29]
Error 1 at reading or storing sensor data.
	I2C read failed

	Traceback (most recent call last):
  File "/home/raspi/CO2_Project/main.py", line 211, in <module>
    g_co2_sensor.read_all()
  File "/home/raspi/CO2_Project/ccs811LIBRARY.py", line 192, in read_all
    self.read_logorithm_results()
  File "/home/raspi/CO2_Project/ccs811LIBRARY.py", line 188, in read_logorithm_results
    raise Exception (pigpio.error_text(b))
Exception: I2C read failed


[2026-05-25 10:12:32]
Error 1 at reading or storing sensor data.
	'I2C read failed'

	Traceback (most recent call last):
  File "/home/raspi/CO2_Project/main.py", line 211, in <module>
    g_co2_sensor.read_all()
  File "/home/raspi/CO2_Project/ccs811LIBRARY.py", line 191, in read_all
    if self.data_available():
       ^^^^^^^^^^^^^^^^^^^^^
  File "/home/raspi/CO2_Project/ccs811LIBRARY.py", line 172, in data_available
    value = self.pi.i2c_read_byte_data(self.device, CSS811_STATUS)
            ^^^^^^^^^^^^^^^^^^^^^^^^^^^^^^^^^^^^^^^^^^^^^^^^^^^^^^
  File "/usr/lib/python3/dist-packages/pigpio.py", line 2874, in i2c_read_byte_data
    return _u2i(_pigpio_command(self.sl, _PI_CMD_I2CRB, handle, reg))
           ^^^^^^^^^^^^^^^^^^^^^^^^^^^^^^^^^^^^^^^^^^^^^^^^^^^^^^^^^^
  File "/usr/lib/python3/dist-packages/pigpio.py", line 1011, in _u2i
    raise error(error_text(v))
pigpio.error: 'I2C read failed'


[2026-05-25 23:32:57]
Git repositories synchronized
	

	NoneType: None


[2026-05-25 23:32:57]
Terminating programm
	

	NoneType: None


New initialisation demanded at: 2026-05-26 02:04:17

Running in version 1.2

[2026-05-26 13:13:33]
Error 1 at reading or storing sensor data.
	'I2C read failed'

	Traceback (most recent call last):
  File "/home/raspi/CO2_Project/main.py", line 211, in <module>
    g_co2_sensor.read_all()
  File "/home/raspi/CO2_Project/ccs811LIBRARY.py", line 191, in read_all
    if self.data_available():
       ^^^^^^^^^^^^^^^^^^^^^
  File "/home/raspi/CO2_Project/ccs811LIBRARY.py", line 172, in data_available
    value = self.pi.i2c_read_byte_data(self.device, CSS811_STATUS)
            ^^^^^^^^^^^^^^^^^^^^^^^^^^^^^^^^^^^^^^^^^^^^^^^^^^^^^^
  File "/usr/lib/python3/dist-packages/pigpio.py", line 2874, in i2c_read_byte_data
    return _u2i(_pigpio_command(self.sl, _PI_CMD_I2CRB, handle, reg))
           ^^^^^^^^^^^^^^^^^^^^^^^^^^^^^^^^^^^^^^^^^^^^^^^^^^^^^^^^^^
  File "/usr/lib/python3/dist-packages/pigpio.py", line 1011, in _u2i
    raise error(error_text(v))
pigpio.error: 'I2C read failed'


[2026-05-26 21:00:45]
Error 1 at reading or storing sensor data.
	I2C read failed

	Traceback (most recent call last):
  File "/home/raspi/CO2_Project/main.py", line 211, in <module>
    g_co2_sensor.read_all()
  File "/home/raspi/CO2_Project/ccs811LIBRARY.py", line 192, in read_all
    self.read_logorithm_results()
  File "/home/raspi/CO2_Project/ccs811LIBRARY.py", line 188, in read_logorithm_results
    raise Exception (pigpio.error_text(b))
Exception: I2C read failed


[2026-05-26 23:32:57]
Git repositories synchronized
	

	NoneType: None


[2026-05-26 23:32:57]
Terminating programm
	

	NoneType: None


New initialisation demanded at: 2026-05-27 02:04:07

Running in version 1.2

[2026-05-27 23:32:41]
Git repositories synchronized
	

	NoneType: None


[2026-05-27 23:32:41]
Terminating programm
	

	NoneType: None


New initialisation demanded at: 2026-05-28 02:03:15

Running in version 1.2

[2026-05-28 23:32:57]
Git repositories synchronized
	

	NoneType: None


[2026-05-28 23:32:57]
Terminating programm
	

	NoneType: None


New initialisation demanded at: 2026-05-29 02:03:58

Running in version 1.2

[2026-05-29 21:55:26]
Error 1 at reading or storing sensor data.
	I2C read failed

	Traceback (most recent call last):
  File "/home/raspi/CO2_Project/main.py", line 211, in <module>
    g_co2_sensor.read_all()
  File "/home/raspi/CO2_Project/ccs811LIBRARY.py", line 192, in read_all
    self.read_logorithm_results()
  File "/home/raspi/CO2_Project/ccs811LIBRARY.py", line 188, in read_logorithm_results
    raise Exception (pigpio.error_text(b))
Exception: I2C read failed


[2026-05-29 23:32:40]
Git repositories synchronized
	

	NoneType: None


[2026-05-29 23:32:40]
Terminating programm
	

	NoneType: None


New initialisation demanded at: 2026-05-30 02:03:42

Running in version 1.2

[2026-05-30 23:32:24]
Git repositories synchronized
	

	NoneType: None


[2026-05-30 23:32:24]
Terminating programm
	

	NoneType: None


New initialisation demanded at: 2026-05-31 02:03:07

Running in version 1.2

[2026-05-31 20:44:34]
Error 1 at reading or storing sensor data.
	'I2C read failed'

	Traceback (most recent call last):
  File "/home/raspi/CO2_Project/main.py", line 211, in <module>
    g_co2_sensor.read_all()
  File "/home/raspi/CO2_Project/ccs811LIBRARY.py", line 191, in read_all
    if self.data_available():
       ^^^^^^^^^^^^^^^^^^^^^
  File "/home/raspi/CO2_Project/ccs811LIBRARY.py", line 172, in data_available
    value = self.pi.i2c_read_byte_data(self.device, CSS811_STATUS)
            ^^^^^^^^^^^^^^^^^^^^^^^^^^^^^^^^^^^^^^^^^^^^^^^^^^^^^^
  File "/usr/lib/python3/dist-packages/pigpio.py", line 2874, in i2c_read_byte_data
    return _u2i(_pigpio_command(self.sl, _PI_CMD_I2CRB, handle, reg))
           ^^^^^^^^^^^^^^^^^^^^^^^^^^^^^^^^^^^^^^^^^^^^^^^^^^^^^^^^^^
  File "/usr/lib/python3/dist-packages/pigpio.py", line 1011, in _u2i
    raise error(error_text(v))
pigpio.error: 'I2C read failed'


