Programm started at: 2025-07-21 02:02:33

Running in version 1.2[2025-07-21 23:32:08]
Git repositories synchronized
	

	NoneType: None


[2025-07-21 23:32:08]
Terminating programm
	

	NoneType: None


New initialisation demanded at: 2025-07-22 02:02:16

Running in version 1.2

[2025-07-22 23:32:51]
Git repositories synchronized
	

	NoneType: None


[2025-07-22 23:32:51]
Terminating programm
	

	NoneType: None


New initialisation demanded at: 2025-07-23 02:01:50

Running in version 1.2

[2025-07-23 09:04:00]
Error 1 at reading or storing sensor data.
	I2C read failed

	Traceback (most recent call last):
  File "/home/raspi/CO2_Project/main.py", line 211, in <module>
    g_co2_sensor.read_all()
  File "/home/raspi/CO2_Project/ccs811LIBRARY.py", line 192, in read_all
    self.read_logorithm_results()
  File "/home/raspi/CO2_Project/ccs811LIBRARY.py", line 188, in read_logorithm_results
    raise Exception (pigpio.error_text(b))
Exception: I2C read failed


