Programm started at: 2025-06-23 01:48:56

Running in version 1.2New initialisation demanded at: 2025-06-23 10:11:47

Running in version 1.2

New initialisation demanded at: 2025-06-23 10:39:13

Running in version 1.2

[2025-06-23 23:32:34]
Git repositories synchronized
	

	NoneType: None


[2025-06-23 23:32:34]
Terminating programm
	

	NoneType: None


New initialisation demanded at: 2025-06-24 02:27:41

Running in version 1.2

[2025-06-24 23:32:14]
Git repositories synchronized
	

	NoneType: None


[2025-06-24 23:32:14]
Terminating programm
	

	NoneType: None


New initialisation demanded at: 2025-06-25 02:28:16

Running in version 1.2

[2025-06-25 18:21:38]
Error 1 at reading or storing sensor data.
	I2C read failed

	Traceback (most recent call last):
  File "/home/raspi/CO2_Project/main.py", line 211, in <module>
    g_co2_sensor.read_all()
  File "/home/raspi/CO2_Project/ccs811LIBRARY.py", line 192, in read_all
    self.read_logorithm_results()
  File "/home/raspi/CO2_Project/ccs811LIBRARY.py", line 188, in read_logorithm_results
    raise Exception (pigpio.error_text(b))
Exception: I2C read failed


[2025-06-25 23:32:49]
Git repositories synchronized
	

	NoneType: None


[2025-06-25 23:32:49]
Terminating programm
	

	NoneType: None


New initialisation demanded at: 2025-06-26 02:28:18

Running in version 1.2

[2025-06-26 11:21:31]
Error 1 at reading or storing sensor data.
	I2C read failed

	Traceback (most recent call last):
  File "/home/raspi/CO2_Project/main.py", line 211, in <module>
    g_co2_sensor.read_all()
  File "/home/raspi/CO2_Project/ccs811LIBRARY.py", line 192, in read_all
    self.read_logorithm_results()
  File "/home/raspi/CO2_Project/ccs811LIBRARY.py", line 188, in read_logorithm_results
    raise Exception (pigpio.error_text(b))
Exception: I2C read failed


[2025-06-26 23:32:53]
Git repositories synchronized
	

	NoneType: None


[2025-06-26 23:32:53]
Terminating programm
	

	NoneType: None


New initialisation demanded at: 2025-06-27 02:28:04

Running in version 1.2

[2025-06-27 20:42:31]
Error 1 at reading or storing sensor data.
	I2C read failed

	Traceback (most recent call last):
  File "/home/raspi/CO2_Project/main.py", line 211, in <module>
    g_co2_sensor.read_all()
  File "/home/raspi/CO2_Project/ccs811LIBRARY.py", line 192, in read_all
    self.read_logorithm_results()
  File "/home/raspi/CO2_Project/ccs811LIBRARY.py", line 188, in read_logorithm_results
    raise Exception (pigpio.error_text(b))
Exception: I2C read failed


[2025-06-27 23:32:39]
Git repositories synchronized
	

	NoneType: None


[2025-06-27 23:32:39]
Terminating programm
	

	NoneType: None


New initialisation demanded at: 2025-06-28 02:28:42

Running in version 1.2

[2025-06-28 19:46:07]
Error 1 at reading or storing sensor data.
	I2C read failed

	Traceback (most recent call last):
  File "/home/raspi/CO2_Project/main.py", line 211, in <module>
    g_co2_sensor.read_all()
  File "/home/raspi/CO2_Project/ccs811LIBRARY.py", line 192, in read_all
    self.read_logorithm_results()
  File "/home/raspi/CO2_Project/ccs811LIBRARY.py", line 188, in read_logorithm_results
    raise Exception (pigpio.error_text(b))
Exception: I2C read failed


