Programm started at: 2026-06-01 01:35:33

Running in version 1.2[2026-06-01 23:31:06]
Git repositories synchronized
	

	NoneType: None


[2026-06-01 23:31:06]
Terminating programm
	

	NoneType: None


New initialisation demanded at: 2026-06-02 01:36:29

Running in version 1.2

[2026-06-02 21:43:58]
Error 1 at reading or storing sensor data.
	I2C read failed

	Traceback (most recent call last):
  File "/home/raspi/CO2_Project/main.py", line 211, in <module>
    g_co2_sensor.read_all()
  File "/home/raspi/CO2_Project/ccs811LIBRARY.py", line 192, in read_all
    self.read_logorithm_results()
  File "/home/raspi/CO2_Project/ccs811LIBRARY.py", line 188, in read_logorithm_results
    raise Exception (pigpio.error_text(b))
Exception: I2C read failed


[2026-06-02 23:31:13]
Git repositories synchronized
	

	NoneType: None


[2026-06-02 23:31:13]
Terminating programm
	

	NoneType: None


New initialisation demanded at: 2026-06-03 01:36:36

Running in version 1.2

[2026-06-03 23:31:19]
Git repositories synchronized
	

	NoneType: None


[2026-06-03 23:31:19]
Terminating programm
	

	NoneType: None


New initialisation demanded at: 2026-06-04 01:35:48

Running in version 1.2

[2026-06-04 23:31:32]
Git repositories synchronized
	

	NoneType: None


[2026-06-04 23:31:32]
Terminating programm
	

	NoneType: None


New initialisation demanded at: 2026-06-05 01:36:14

Running in version 1.2

[2026-06-05 23:31:51]
Git repositories synchronized
	

	NoneType: None


[2026-06-05 23:31:51]
Terminating programm
	

	NoneType: None


New initialisation demanded at: 2026-06-06 01:36:12

Running in version 1.2

