Programm started at: 2025-11-17 01:02:44

Running in version 1.2[2025-11-17 23:32:20]
Git repositories synchronized
	

	NoneType: None


[2025-11-17 23:32:20]
Terminating programm
	

	NoneType: None


New initialisation demanded at: 2025-11-18 01:03:52

Running in version 1.2

[2025-11-18 23:32:26]
Git repositories synchronized
	

	NoneType: None


[2025-11-18 23:32:26]
Terminating programm
	

	NoneType: None


New initialisation demanded at: 2025-11-19 01:03:17

Running in version 1.2

[2025-11-19 16:43:39]
Error 1 at reading or storing sensor data.
	I2C read failed

	Traceback (most recent call last):
  File "/home/raspi/CO2_Project/main.py", line 211, in <module>
    g_co2_sensor.read_all()
  File "/home/raspi/CO2_Project/ccs811LIBRARY.py", line 192, in read_all
    self.read_logorithm_results()
  File "/home/raspi/CO2_Project/ccs811LIBRARY.py", line 188, in read_logorithm_results
    raise Exception (pigpio.error_text(b))
Exception: I2C read failed


[2025-11-19 23:32:53]
Git repositories synchronized
	

	NoneType: None


[2025-11-19 23:32:53]
Terminating programm
	

	NoneType: None


New initialisation demanded at: 2025-11-20 01:02:33

Running in version 1.2

[2025-11-20 19:09:58]
Error 1 at reading or storing sensor data.
	I2C read failed

	Traceback (most recent call last):
  File "/home/raspi/CO2_Project/main.py", line 211, in <module>
    g_co2_sensor.read_all()
  File "/home/raspi/CO2_Project/ccs811LIBRARY.py", line 192, in read_all
    self.read_logorithm_results()
  File "/home/raspi/CO2_Project/ccs811LIBRARY.py", line 188, in read_logorithm_results
    raise Exception (pigpio.error_text(b))
Exception: I2C read failed


[2025-11-20 23:32:09]
Git repositories synchronized
	

	NoneType: None


[2025-11-20 23:32:09]
Terminating programm
	

	NoneType: None


New initialisation demanded at: 2025-11-21 01:03:37

Running in version 1.2

[2025-11-21 18:06:01]
Error 1 at reading or storing sensor data.
	I2C read failed

	Traceback (most recent call last):
  File "/home/raspi/CO2_Project/main.py", line 211, in <module>
    g_co2_sensor.read_all()
  File "/home/raspi/CO2_Project/ccs811LIBRARY.py", line 192, in read_all
    self.read_logorithm_results()
  File "/home/raspi/CO2_Project/ccs811LIBRARY.py", line 188, in read_logorithm_results
    raise Exception (pigpio.error_text(b))
Exception: I2C read failed


[2025-11-21 23:32:13]
Git repositories synchronized
	

	NoneType: None


[2025-11-21 23:32:13]
Terminating programm
	

	NoneType: None


New initialisation demanded at: 2025-11-22 01:03:20

Running in version 1.2

[2025-11-22 10:06:33]
Error 1 at reading or storing sensor data.
	'I2C read failed'

	Traceback (most recent call last):
  File "/home/raspi/CO2_Project/main.py", line 211, in <module>
    g_co2_sensor.read_all()
  File "/home/raspi/CO2_Project/ccs811LIBRARY.py", line 191, in read_all
    if self.data_available():
       ^^^^^^^^^^^^^^^^^^^^^
  File "/home/raspi/CO2_Project/ccs811LIBRARY.py", line 172, in data_available
    value = self.pi.i2c_read_byte_data(self.device, CSS811_STATUS)
            ^^^^^^^^^^^^^^^^^^^^^^^^^^^^^^^^^^^^^^^^^^^^^^^^^^^^^^
  File "/usr/lib/python3/dist-packages/pigpio.py", line 2874, in i2c_read_byte_data
    return _u2i(_pigpio_command(self.sl, _PI_CMD_I2CRB, handle, reg))
           ^^^^^^^^^^^^^^^^^^^^^^^^^^^^^^^^^^^^^^^^^^^^^^^^^^^^^^^^^^
  File "/usr/lib/python3/dist-packages/pigpio.py", line 1011, in _u2i
    raise error(error_text(v))
pigpio.error: 'I2C read failed'


[2025-11-22 18:21:50]
Error 1 at reading or storing sensor data.
	I2C read failed

	Traceback (most recent call last):
  File "/home/raspi/CO2_Project/main.py", line 211, in <module>
    g_co2_sensor.read_all()
  File "/home/raspi/CO2_Project/ccs811LIBRARY.py", line 192, in read_all
    self.read_logorithm_results()
  File "/home/raspi/CO2_Project/ccs811LIBRARY.py", line 188, in read_logorithm_results
    raise Exception (pigpio.error_text(b))
Exception: I2C read failed


[2025-11-22 23:32:03]
Git repositories synchronized
	

	NoneType: None


[2025-11-22 23:32:03]
Terminating programm
	

	NoneType: None


New initialisation demanded at: 2025-11-23 01:02:47

Running in version 1.2

