Programm started at: 2026-06-08 01:36:02

Running in version 1.2[2026-06-08 18:04:27]
Error 1 at reading or storing sensor data.
	I2C read failed

	Traceback (most recent call last):
  File "/home/raspi/CO2_Project/main.py", line 211, in <module>
    g_co2_sensor.read_all()
  File "/home/raspi/CO2_Project/ccs811LIBRARY.py", line 192, in read_all
    self.read_logorithm_results()
  File "/home/raspi/CO2_Project/ccs811LIBRARY.py", line 188, in read_logorithm_results
    raise Exception (pigpio.error_text(b))
Exception: I2C read failed


[2026-06-08 23:31:50]
Git repositories synchronized
	

	NoneType: None


[2026-06-08 23:31:50]
Terminating programm
	

	NoneType: None


New initialisation demanded at: 2026-06-09 01:36:18

Running in version 1.2

[2026-06-09 23:32:03]
Git repositories synchronized
	

	NoneType: None


[2026-06-09 23:32:03]
Terminating programm
	

	NoneType: None


New initialisation demanded at: 2026-06-10 01:35:34

Running in version 1.2

[2026-06-10 23:31:17]
Git repositories synchronized
	

	NoneType: None


[2026-06-10 23:31:17]
Terminating programm
	

	NoneType: None


New initialisation demanded at: 2026-06-11 01:36:26

Running in version 1.2

[2026-06-11 12:40:41]
Error 1 at reading or storing sensor data.
	I2C read failed

	Traceback (most recent call last):
  File "/home/raspi/CO2_Project/main.py", line 211, in <module>
    g_co2_sensor.read_all()
  File "/home/raspi/CO2_Project/ccs811LIBRARY.py", line 192, in read_all
    self.read_logorithm_results()
  File "/home/raspi/CO2_Project/ccs811LIBRARY.py", line 188, in read_logorithm_results
    raise Exception (pigpio.error_text(b))
Exception: I2C read failed


[2026-06-11 12:59:42]
Error 1 at reading or storing sensor data.
	'I2C read failed'

	Traceback (most recent call last):
  File "/home/raspi/CO2_Project/main.py", line 211, in <module>
    g_co2_sensor.read_all()
  File "/home/raspi/CO2_Project/ccs811LIBRARY.py", line 191, in read_all
    if self.data_available():
       ^^^^^^^^^^^^^^^^^^^^^
  File "/home/raspi/CO2_Project/ccs811LIBRARY.py", line 172, in data_available
    value = self.pi.i2c_read_byte_data(self.device, CSS811_STATUS)
            ^^^^^^^^^^^^^^^^^^^^^^^^^^^^^^^^^^^^^^^^^^^^^^^^^^^^^^
  File "/usr/lib/python3/dist-packages/pigpio.py", line 2874, in i2c_read_byte_data
    return _u2i(_pigpio_command(self.sl, _PI_CMD_I2CRB, handle, reg))
           ^^^^^^^^^^^^^^^^^^^^^^^^^^^^^^^^^^^^^^^^^^^^^^^^^^^^^^^^^^
  File "/usr/lib/python3/dist-packages/pigpio.py", line 1011, in _u2i
    raise error(error_text(v))
pigpio.error: 'I2C read failed'


[2026-06-11 23:32:11]
Git repositories synchronized
	

	NoneType: None


[2026-06-11 23:32:11]
Terminating programm
	

	NoneType: None


New initialisation demanded at: 2026-06-12 01:36:36

Running in version 1.2

[2026-06-12 23:31:19]
Git repositories synchronized
	

	NoneType: None


[2026-06-12 23:31:19]
Terminating programm
	

	NoneType: None


New initialisation demanded at: 2026-06-13 01:35:29

Running in version 1.2

[2026-06-13 10:04:41]
Error 1 at reading or storing sensor data.
	I2C read failed

	Traceback (most recent call last):
  File "/home/raspi/CO2_Project/main.py", line 211, in <module>
    g_co2_sensor.read_all()
  File "/home/raspi/CO2_Project/ccs811LIBRARY.py", line 192, in read_all
    self.read_logorithm_results()
  File "/home/raspi/CO2_Project/ccs811LIBRARY.py", line 188, in read_logorithm_results
    raise Exception (pigpio.error_text(b))
Exception: I2C read failed


[2026-06-13 23:31:13]
Git repositories synchronized
	

	NoneType: None


[2026-06-13 23:31:13]
Terminating programm
	

	NoneType: None


New initialisation demanded at: 2026-06-14 01:36:15

Running in version 1.2

[2026-06-14 07:24:23]
Error 1 at reading or storing sensor data.
	I2C read failed

	Traceback (most recent call last):
  File "/home/raspi/CO2_Project/main.py", line 211, in <module>
    g_co2_sensor.read_all()
  File "/home/raspi/CO2_Project/ccs811LIBRARY.py", line 192, in read_all
    self.read_logorithm_results()
  File "/home/raspi/CO2_Project/ccs811LIBRARY.py", line 188, in read_logorithm_results
    raise Exception (pigpio.error_text(b))
Exception: I2C read failed


