Programm started at: 2025-09-29 02:03:10

Running in version 1.2[2025-09-29 23:32:44]
Git repositories synchronized
	

	NoneType: None


[2025-09-29 23:32:44]
Terminating programm
	

	NoneType: None


New initialisation demanded at: 2025-09-30 02:02:35

Running in version 1.2

[2025-09-30 23:32:09]
Git repositories synchronized
	

	NoneType: None


[2025-09-30 23:32:09]
Terminating programm
	

	NoneType: None


New initialisation demanded at: 2025-10-01 02:03:39

Running in version 1.2

[2025-10-01 23:32:14]
Git repositories synchronized
	

	NoneType: None


[2025-10-01 23:32:14]
Terminating programm
	

	NoneType: None


New initialisation demanded at: 2025-10-02 02:03:09

Running in version 1.2

[2025-10-02 23:32:43]
Git repositories synchronized
	

	NoneType: None


[2025-10-02 23:32:43]
Terminating programm
	

	NoneType: None


New initialisation demanded at: 2025-10-03 02:02:23

Running in version 1.2

[2025-10-03 23:32:57]
Git repositories synchronized
	

	NoneType: None


[2025-10-03 23:32:57]
Terminating programm
	

	NoneType: None


New initialisation demanded at: 2025-10-04 02:03:31

Running in version 1.2

