Programm started at: 2025-08-04 01:31:31

Running in version 1.2[2025-08-04 21:46:59]
Error 1 at reading or storing sensor data.
	I2C read failed

	Traceback (most recent call last):
  File "/home/raspi/CO2_Project/main.py", line 211, in <module>
    g_co2_sensor.read_all()
  File "/home/raspi/CO2_Project/ccs811LIBRARY.py", line 192, in read_all
    self.read_logorithm_results()
  File "/home/raspi/CO2_Project/ccs811LIBRARY.py", line 188, in read_logorithm_results
    raise Exception (pigpio.error_text(b))
Exception: I2C read failed


[2025-08-04 23:31:07]
Git repositories synchronized
	

	NoneType: None


[2025-08-04 23:31:07]
Terminating programm
	

	NoneType: None


New initialisation demanded at: 2025-08-05 01:31:04

Running in version 1.2

