Programm started at: 2026-01-05 01:03:28

Running in version 1.2[2026-01-05 23:32:14]
Git repositories synchronized
	

	NoneType: None


[2026-01-05 23:32:14]
Terminating programm
	

	NoneType: None


New initialisation demanded at: 2026-01-06 01:03:11

Running in version 1.2

[2026-01-06 23:32:57]
Git repositories synchronized
	

	NoneType: None


[2026-01-06 23:32:57]
Terminating programm
	

	NoneType: None


New initialisation demanded at: 2026-01-07 01:02:29

Running in version 1.2

[2026-01-07 23:32:15]
Git repositories synchronized
	

	NoneType: None


[2026-01-07 23:32:15]
Terminating programm
	

	NoneType: None


New initialisation demanded at: 2026-01-08 01:03:35

Running in version 1.2

[2026-01-08 23:32:21]
Git repositories synchronized
	

	NoneType: None


[2026-01-08 23:32:21]
Terminating programm
	

	NoneType: None


New initialisation demanded at: 2026-01-09 01:03:27

Running in version 1.2

