Programm started at: 2025-06-23 09:34:24

Running in version 1.2New initialisation demanded at: 2025-06-23 09:48:59

Running in version 1.2

[2025-06-23 23:31:20]
Git repositories synchronized
	

	NoneType: None


[2025-06-23 23:31:20]
Terminating programm
	

	NoneType: None


New initialisation demanded at: 2025-06-24 01:26:19

Running in version 1.2

[2025-06-24 23:31:54]
Git repositories synchronized
	

	NoneType: None


[2025-06-24 23:31:54]
Terminating programm
	

	NoneType: None


New initialisation demanded at: 2025-06-25 01:27:12

Running in version 1.2

[2025-06-25 23:31:47]
Git repositories synchronized
	

	NoneType: None


[2025-06-25 23:31:47]
Terminating programm
	

	NoneType: None


New initialisation demanded at: 2025-06-26 01:27:08

Running in version 1.2

[2025-06-26 14:43:27]
Error 1 at reading or storing sensor data.
	I2C read failed

	Traceback (most recent call last):
  File "/home/raspi/CO2_Project/main.py", line 211, in <module>
    g_co2_sensor.read_all()
  File "/home/raspi/CO2_Project/ccs811LIBRARY.py", line 192, in read_all
    self.read_logorithm_results()
  File "/home/raspi/CO2_Project/ccs811LIBRARY.py", line 188, in read_logorithm_results
    raise Exception (pigpio.error_text(b))
Exception: I2C read failed


[2025-06-26 23:31:44]
Git repositories synchronized
	

	NoneType: None


[2025-06-26 23:31:44]
Terminating programm
	

	NoneType: None


New initialisation demanded at: 2025-06-27 01:26:35

Running in version 1.2

[2025-06-27 23:31:10]
Git repositories synchronized
	

	NoneType: None


[2025-06-27 23:31:10]
Terminating programm
	

	NoneType: None


New initialisation demanded at: 2025-06-28 01:27:35

Running in version 1.2

