Programm started at: 2026-05-18 01:34:12

Running in version 1.2[2026-05-18 12:15:33]
Error 1 at reading or storing sensor data.
	I2C read failed

	Traceback (most recent call last):
  File "/home/raspi/CO2_Project/main.py", line 211, in <module>
    g_co2_sensor.read_all()
  File "/home/raspi/CO2_Project/ccs811LIBRARY.py", line 192, in read_all
    self.read_logorithm_results()
  File "/home/raspi/CO2_Project/ccs811LIBRARY.py", line 188, in read_logorithm_results
    raise Exception (pigpio.error_text(b))
Exception: I2C read failed


[2026-05-18 23:31:58]
Git repositories synchronized
	

	NoneType: None


[2026-05-18 23:31:58]
Terminating programm
	

	NoneType: None


New initialisation demanded at: 2026-05-19 01:34:20

Running in version 1.2

[2026-05-19 23:31:05]
Git repositories synchronized
	

	NoneType: None


[2026-05-19 23:31:05]
Terminating programm
	

	NoneType: None


New initialisation demanded at: 2026-05-20 01:33:26

Running in version 1.2

