Programm started at: 2026-02-23 01:02:40

Running in version 1.2[2026-02-23 23:32:26]
Git repositories synchronized
	

	NoneType: None


[2026-02-23 23:32:26]
Terminating programm
	

	NoneType: None


New initialisation demanded at: 2026-02-24 01:01:56

Running in version 1.2

[2026-02-24 15:03:24]
Error 1 at reading or storing sensor data.
	I2C read failed

	Traceback (most recent call last):
  File "/home/raspi/CO2_Project/main.py", line 211, in <module>
    g_co2_sensor.read_all()
  File "/home/raspi/CO2_Project/ccs811LIBRARY.py", line 192, in read_all
    self.read_logorithm_results()
  File "/home/raspi/CO2_Project/ccs811LIBRARY.py", line 188, in read_logorithm_results
    raise Exception (pigpio.error_text(b))
Exception: I2C read failed


[2026-02-24 23:32:44]
Git repositories synchronized
	

	NoneType: None


[2026-02-24 23:32:44]
Terminating programm
	

	NoneType: None


New initialisation demanded at: 2026-02-25 01:02:57

Running in version 1.2

[2026-02-25 23:32:44]
Git repositories synchronized
	

	NoneType: None


[2026-02-25 23:32:44]
Terminating programm
	

	NoneType: None


New initialisation demanded at: 2026-02-26 01:02:28

Running in version 1.2

[2026-02-26 20:44:07]
Error 1 at reading or storing sensor data.
	I2C read failed

	Traceback (most recent call last):
  File "/home/raspi/CO2_Project/main.py", line 211, in <module>
    g_co2_sensor.read_all()
  File "/home/raspi/CO2_Project/ccs811LIBRARY.py", line 192, in read_all
    self.read_logorithm_results()
  File "/home/raspi/CO2_Project/ccs811LIBRARY.py", line 188, in read_logorithm_results
    raise Exception (pigpio.error_text(b))
Exception: I2C read failed


[2026-02-26 23:32:16]
Git repositories synchronized
	

	NoneType: None


[2026-02-26 23:32:16]
Terminating programm
	

	NoneType: None


New initialisation demanded at: 2026-02-27 01:01:36

Running in version 1.2

[2026-02-27 23:32:22]
Git repositories synchronized
	

	NoneType: None


[2026-02-27 23:32:22]
Terminating programm
	

	NoneType: None


New initialisation demanded at: 2026-02-28 01:02:37

Running in version 1.2

[2026-02-28 23:32:24]
Git repositories synchronized
	

	NoneType: None


[2026-02-28 23:32:24]
Terminating programm
	

	NoneType: None


New initialisation demanded at: 2026-03-01 01:02:35

Running in version 1.2

[2026-03-01 13:12:59]
Error 1 at reading or storing sensor data.
	'I2C read failed'

	Traceback (most recent call last):
  File "/home/raspi/CO2_Project/main.py", line 211, in <module>
    g_co2_sensor.read_all()
  File "/home/raspi/CO2_Project/ccs811LIBRARY.py", line 191, in read_all
    if self.data_available():
       ^^^^^^^^^^^^^^^^^^^^^
  File "/home/raspi/CO2_Project/ccs811LIBRARY.py", line 172, in data_available
    value = self.pi.i2c_read_byte_data(self.device, CSS811_STATUS)
            ^^^^^^^^^^^^^^^^^^^^^^^^^^^^^^^^^^^^^^^^^^^^^^^^^^^^^^
  File "/usr/lib/python3/dist-packages/pigpio.py", line 2874, in i2c_read_byte_data
    return _u2i(_pigpio_command(self.sl, _PI_CMD_I2CRB, handle, reg))
           ^^^^^^^^^^^^^^^^^^^^^^^^^^^^^^^^^^^^^^^^^^^^^^^^^^^^^^^^^^
  File "/usr/lib/python3/dist-packages/pigpio.py", line 1011, in _u2i
    raise error(error_text(v))
pigpio.error: 'I2C read failed'


