Programm started at: 2025-08-18 02:02:53

Running in version 1.2[2025-08-18 12:11:07]
Error 1 at reading or storing sensor data.
	I2C read failed

	Traceback (most recent call last):
  File "/home/raspi/CO2_Project/main.py", line 211, in <module>
    g_co2_sensor.read_all()
  File "/home/raspi/CO2_Project/ccs811LIBRARY.py", line 192, in read_all
    self.read_logorithm_results()
  File "/home/raspi/CO2_Project/ccs811LIBRARY.py", line 188, in read_logorithm_results
    raise Exception (pigpio.error_text(b))
Exception: I2C read failed


[2025-08-18 23:32:28]
Git repositories synchronized
	

	NoneType: None


[2025-08-18 23:32:28]
Terminating programm
	

	NoneType: None


New initialisation demanded at: 2025-08-19 02:02:12

Running in version 1.2

[2025-08-19 23:32:46]
Git repositories synchronized
	

	NoneType: None


[2025-08-19 23:32:46]
Terminating programm
	

	NoneType: None


New initialisation demanded at: 2025-08-20 02:03:15

Running in version 1.2

[2025-08-20 18:07:38]
Error 1 at reading or storing sensor data.
	I2C read failed

	Traceback (most recent call last):
  File "/home/raspi/CO2_Project/main.py", line 211, in <module>
    g_co2_sensor.read_all()
  File "/home/raspi/CO2_Project/ccs811LIBRARY.py", line 192, in read_all
    self.read_logorithm_results()
  File "/home/raspi/CO2_Project/ccs811LIBRARY.py", line 188, in read_logorithm_results
    raise Exception (pigpio.error_text(b))
Exception: I2C read failed


