Programm started at: 2025-09-01 01:31:03

Running in version 1.2[2025-09-01 23:31:38]
Git repositories synchronized
	

	NoneType: None


[2025-09-01 23:31:38]
Terminating programm
	

	NoneType: None


New initialisation demanded at: 2025-09-02 01:31:51

Running in version 1.2

[2025-09-02 23:31:25]
Git repositories synchronized
	

	NoneType: None


[2025-09-02 23:31:25]
Terminating programm
	

	NoneType: None


New initialisation demanded at: 2025-09-03 01:31:21

Running in version 1.2

[2025-09-03 23:31:56]
Git repositories synchronized
	

	NoneType: None


[2025-09-03 23:31:56]
Terminating programm
	

	NoneType: None


New initialisation demanded at: 2025-09-04 01:30:54

Running in version 1.2

