Programm started at: 2025-12-08 01:02:41

Running in version 1.2[2025-12-08 16:53:12]
Error 1 at reading or storing sensor data.
	I2C read failed

	Traceback (most recent call last):
  File "/home/raspi/CO2_Project/main.py", line 211, in <module>
    g_co2_sensor.read_all()
  File "/home/raspi/CO2_Project/ccs811LIBRARY.py", line 192, in read_all
    self.read_logorithm_results()
  File "/home/raspi/CO2_Project/ccs811LIBRARY.py", line 188, in read_logorithm_results
    raise Exception (pigpio.error_text(b))
Exception: I2C read failed


[2025-12-08 23:32:28]
Git repositories synchronized
	

	NoneType: None


[2025-12-08 23:32:28]
Terminating programm
	

	NoneType: None


New initialisation demanded at: 2025-12-09 01:03:45

Running in version 1.2

