Programm started at: 2026-04-13 02:02:21

Running in version 1.2[2026-04-13 23:32:05]
Git repositories synchronized
	

	NoneType: None


[2026-04-13 23:32:05]
Terminating programm
	

	NoneType: None


New initialisation demanded at: 2026-04-14 02:03:09

Running in version 1.2

[2026-04-14 20:51:47]
Error 1 at reading or storing sensor data.
	I2C read failed

	Traceback (most recent call last):
  File "/home/raspi/CO2_Project/main.py", line 211, in <module>
    g_co2_sensor.read_all()
  File "/home/raspi/CO2_Project/ccs811LIBRARY.py", line 192, in read_all
    self.read_logorithm_results()
  File "/home/raspi/CO2_Project/ccs811LIBRARY.py", line 188, in read_logorithm_results
    raise Exception (pigpio.error_text(b))
Exception: I2C read failed


[2026-04-14 23:32:55]
Git repositories synchronized
	

	NoneType: None


[2026-04-14 23:32:55]
Terminating programm
	

	NoneType: None


New initialisation demanded at: 2026-04-15 02:02:40

Running in version 1.2

[2026-04-15 07:11:50]
Error 1 at reading or storing sensor data.
	I2C read failed

	Traceback (most recent call last):
  File "/home/raspi/CO2_Project/main.py", line 211, in <module>
    g_co2_sensor.read_all()
  File "/home/raspi/CO2_Project/ccs811LIBRARY.py", line 192, in read_all
    self.read_logorithm_results()
  File "/home/raspi/CO2_Project/ccs811LIBRARY.py", line 188, in read_logorithm_results
    raise Exception (pigpio.error_text(b))
Exception: I2C read failed


