Programm started at: 2025-11-03 01:03:24

Running in version 1.2[2025-11-03 23:32:59]
Git repositories synchronized
	

	NoneType: None


[2025-11-03 23:32:59]
Terminating programm
	

	NoneType: None


New initialisation demanded at: 2025-11-04 01:03:03

Running in version 1.2

[2025-11-04 22:23:33]
Error 1 at reading or storing sensor data.
	I2C read failed

	Traceback (most recent call last):
  File "/home/raspi/CO2_Project/main.py", line 211, in <module>
    g_co2_sensor.read_all()
  File "/home/raspi/CO2_Project/ccs811LIBRARY.py", line 192, in read_all
    self.read_logorithm_results()
  File "/home/raspi/CO2_Project/ccs811LIBRARY.py", line 188, in read_logorithm_results
    raise Exception (pigpio.error_text(b))
Exception: I2C read failed


[2025-11-04 23:32:40]
Git repositories synchronized
	

	NoneType: None


[2025-11-04 23:32:40]
Terminating programm
	

	NoneType: None


New initialisation demanded at: 2025-11-05 01:02:25

Running in version 1.2

[2025-11-05 23:33:00]
Git repositories synchronized
	

	NoneType: None


[2025-11-05 23:33:00]
Terminating programm
	

	NoneType: None


New initialisation demanded at: 2025-11-06 01:03:33

Running in version 1.2

[2025-11-06 23:32:08]
Git repositories synchronized
	

	NoneType: None


[2025-11-06 23:32:08]
Terminating programm
	

	NoneType: None


New initialisation demanded at: 2025-11-07 01:03:25

Running in version 1.2

[2025-11-07 10:40:39]
Error 1 at reading or storing sensor data.
	'I2C read failed'

	Traceback (most recent call last):
  File "/home/raspi/CO2_Project/main.py", line 211, in <module>
    g_co2_sensor.read_all()
  File "/home/raspi/CO2_Project/ccs811LIBRARY.py", line 191, in read_all
    if self.data_available():
       ^^^^^^^^^^^^^^^^^^^^^
  File "/home/raspi/CO2_Project/ccs811LIBRARY.py", line 172, in data_available
    value = self.pi.i2c_read_byte_data(self.device, CSS811_STATUS)
            ^^^^^^^^^^^^^^^^^^^^^^^^^^^^^^^^^^^^^^^^^^^^^^^^^^^^^^
  File "/usr/lib/python3/dist-packages/pigpio.py", line 2874, in i2c_read_byte_data
    return _u2i(_pigpio_command(self.sl, _PI_CMD_I2CRB, handle, reg))
           ^^^^^^^^^^^^^^^^^^^^^^^^^^^^^^^^^^^^^^^^^^^^^^^^^^^^^^^^^^
  File "/usr/lib/python3/dist-packages/pigpio.py", line 1011, in _u2i
    raise error(error_text(v))
pigpio.error: 'I2C read failed'


[2025-11-07 23:33:02]
Git repositories synchronized
	

	NoneType: None


[2025-11-07 23:33:02]
Terminating programm
	

	NoneType: None


New initialisation demanded at: 2025-11-08 01:02:39

Running in version 1.2

[2025-11-08 23:32:14]
Git repositories synchronized
	

	NoneType: None


[2025-11-08 23:32:14]
Terminating programm
	

	NoneType: None


New initialisation demanded at: 2025-11-09 01:03:25

Running in version 1.2

[2025-11-09 23:33:00]
Git repositories synchronized
	

	NoneType: None


[2025-11-09 23:33:00]
Terminating programm
	

	NoneType: None


