Programm started at: 2025-09-22 01:30:55

Running in version 1.2[2025-09-22 02:47:57]
Error 1 at reading or storing sensor data.
	I2C read failed

	Traceback (most recent call last):
  File "/home/raspi/CO2_Project/main.py", line 211, in <module>
    g_co2_sensor.read_all()
  File "/home/raspi/CO2_Project/ccs811LIBRARY.py", line 192, in read_all
    self.read_logorithm_results()
  File "/home/raspi/CO2_Project/ccs811LIBRARY.py", line 188, in read_logorithm_results
    raise Exception (pigpio.error_text(b))
Exception: I2C read failed


[2025-09-22 23:31:32]
Git repositories synchronized
	

	NoneType: None


[2025-09-22 23:31:32]
Terminating programm
	

	NoneType: None


New initialisation demanded at: 2025-09-23 01:31:55

Running in version 1.2

[2025-09-23 23:31:30]
Git repositories synchronized
	

	NoneType: None


[2025-09-23 23:31:30]
Terminating programm
	

	NoneType: None


New initialisation demanded at: 2025-09-24 01:31:38

Running in version 1.2

[2025-09-24 23:31:13]
Git repositories synchronized
	

	NoneType: None


[2025-09-24 23:31:13]
Terminating programm
	

	NoneType: None


New initialisation demanded at: 2025-09-25 01:31:11

Running in version 1.2

