Programm started at: 2026-06-22 01:35:43

Running in version 1.2[2026-06-22 23:31:29]
Git repositories synchronized
	

	NoneType: None


[2026-06-22 23:31:29]
Terminating programm
	

	NoneType: None


New initialisation demanded at: 2026-06-23 01:36:39

Running in version 1.2

[2026-06-23 23:31:23]
Git repositories synchronized
	

	NoneType: None


[2026-06-23 23:31:23]
Terminating programm
	

	NoneType: None


New initialisation demanded at: 2026-06-24 01:36:56

Running in version 1.2

[2026-06-24 23:31:40]
Git repositories synchronized
	

	NoneType: None


[2026-06-24 23:31:40]
Terminating programm
	

	NoneType: None


New initialisation demanded at: 2026-06-25 01:36:05

Running in version 1.2

[2026-06-25 23:31:52]
Git repositories synchronized
	

	NoneType: None


[2026-06-25 23:31:52]
Terminating programm
	

	NoneType: None


New initialisation demanded at: 2026-06-26 01:36:33

Running in version 1.2

[2026-06-26 14:49:52]
Error 1 at reading or storing sensor data.
	'I2C read failed'

	Traceback (most recent call last):
  File "/home/raspi/CO2_Project/main.py", line 211, in <module>
    g_co2_sensor.read_all()
  File "/home/raspi/CO2_Project/ccs811LIBRARY.py", line 191, in read_all
    if self.data_available():
       ^^^^^^^^^^^^^^^^^^^^^
  File "/home/raspi/CO2_Project/ccs811LIBRARY.py", line 172, in data_available
    value = self.pi.i2c_read_byte_data(self.device, CSS811_STATUS)
            ^^^^^^^^^^^^^^^^^^^^^^^^^^^^^^^^^^^^^^^^^^^^^^^^^^^^^^
  File "/usr/lib/python3/dist-packages/pigpio.py", line 2874, in i2c_read_byte_data
    return _u2i(_pigpio_command(self.sl, _PI_CMD_I2CRB, handle, reg))
           ^^^^^^^^^^^^^^^^^^^^^^^^^^^^^^^^^^^^^^^^^^^^^^^^^^^^^^^^^^
  File "/usr/lib/python3/dist-packages/pigpio.py", line 1011, in _u2i
    raise error(error_text(v))
pigpio.error: 'I2C read failed'


[2026-06-26 23:31:22]
Git repositories synchronized
	

	NoneType: None


[2026-06-26 23:31:22]
Terminating programm
	

	NoneType: None


New initialisation demanded at: 2026-06-27 01:36:39

Running in version 1.2

