Programm started at: 2025-06-30 01:27:01

Running in version 1.2[2025-06-30 23:31:36]
Git repositories synchronized
	

	NoneType: None


[2025-06-30 23:31:36]
Terminating programm
	

	NoneType: None


New initialisation demanded at: 2025-07-01 01:27:58

Running in version 1.2

[2025-07-01 23:31:34]
Git repositories synchronized
	

	NoneType: None


[2025-07-01 23:31:34]
Terminating programm
	

	NoneType: None


New initialisation demanded at: 2025-07-02 01:27:23

Running in version 1.2

[2025-07-02 23:31:59]
Git repositories synchronized
	

	NoneType: None


[2025-07-02 23:31:59]
Terminating programm
	

	NoneType: None


New initialisation demanded at: 2025-07-03 01:26:53

Running in version 1.2

[2025-07-03 23:31:32]
Git repositories synchronized
	

	NoneType: None


[2025-07-03 23:31:32]
Terminating programm
	

	NoneType: None


New initialisation demanded at: 2025-07-04 01:27:28

Running in version 1.2

[2025-07-04 14:53:54]
Error 1 at reading or storing sensor data.
	I2C read failed

	Traceback (most recent call last):
  File "/home/raspi/CO2_Project/main.py", line 211, in <module>
    g_co2_sensor.read_all()
  File "/home/raspi/CO2_Project/ccs811LIBRARY.py", line 192, in read_all
    self.read_logorithm_results()
  File "/home/raspi/CO2_Project/ccs811LIBRARY.py", line 188, in read_logorithm_results
    raise Exception (pigpio.error_text(b))
Exception: I2C read failed


