Programm started at: 2026-06-15 02:03:20

Running in version 1.2[2026-06-15 23:33:08]
Git repositories synchronized
	

	NoneType: None


[2026-06-15 23:33:08]
Terminating programm
	

	NoneType: None


New initialisation demanded at: 2026-06-16 02:04:17

Running in version 1.2

[2026-06-16 23:32:58]
Git repositories synchronized
	

	NoneType: None


[2026-06-16 23:32:58]
Terminating programm
	

	NoneType: None


New initialisation demanded at: 2026-06-17 02:04:03

Running in version 1.2

[2026-06-17 23:32:41]
Git repositories synchronized
	

	NoneType: None


[2026-06-17 23:32:41]
Terminating programm
	

	NoneType: None


New initialisation demanded at: 2026-06-18 02:03:28

Running in version 1.2

