Programm started at: 2025-08-18 01:32:28

Running in version 1.2[2025-08-18 05:30:33]
Error 1 at reading or storing sensor data.
	I2C read failed

	Traceback (most recent call last):
  File "/home/raspi/CO2_Project/main.py", line 211, in <module>
    g_co2_sensor.read_all()
  File "/home/raspi/CO2_Project/ccs811LIBRARY.py", line 192, in read_all
    self.read_logorithm_results()
  File "/home/raspi/CO2_Project/ccs811LIBRARY.py", line 188, in read_logorithm_results
    raise Exception (pigpio.error_text(b))
Exception: I2C read failed


[2025-08-18 16:48:50]
Error 1 at reading or storing sensor data.
	I2C read failed

	Traceback (most recent call last):
  File "/home/raspi/CO2_Project/main.py", line 211, in <module>
    g_co2_sensor.read_all()
  File "/home/raspi/CO2_Project/ccs811LIBRARY.py", line 192, in read_all
    self.read_logorithm_results()
  File "/home/raspi/CO2_Project/ccs811LIBRARY.py", line 188, in read_logorithm_results
    raise Exception (pigpio.error_text(b))
Exception: I2C read failed


[2025-08-18 23:31:05]
Git repositories synchronized
	

	NoneType: None


[2025-08-18 23:31:05]
Terminating programm
	

	NoneType: None


New initialisation demanded at: 2025-08-19 01:32:08

Running in version 1.2

[2025-08-19 23:31:43]
Git repositories synchronized
	

	NoneType: None


[2025-08-19 23:31:43]
Terminating programm
	

	NoneType: None


New initialisation demanded at: 2025-08-20 01:31:45

Running in version 1.2

